<?xml version="1.0" encoding="UTF-8"?>
<testng-results ignored="0" total="1" passed="1" failed="0" skipped="0">
  <reporter-output>
  </reporter-output>
  <suite started-at="2023-10-10T15:38:01 IST" name="Default suite" finished-at="2023-10-10T15:38:30 IST" duration-ms="28233">
    <groups>
    </groups>
    <test started-at="2023-10-10T15:38:01 IST" name="Default test" finished-at="2023-10-10T15:38:30 IST" duration-ms="28233">
      <class name="com.testcases.AddProductTest">
        <test-method is-config="true" signature="setup()[pri:0, instance:com.testcases.AddProductTest@221a3fa4]" started-at="2023-10-10T15:38:03 IST" name="setup" finished-at="2023-10-10T15:38:15 IST" duration-ms="11624" status="PASS">
          <reporter-output>
          </reporter-output>
        </test-method> <!-- setup -->
        <test-method signature="addp(java.lang.String,java.lang.String,java.lang.String,java.lang.String,java.lang.String,java.lang.String,java.lang.String,java.lang.String,java.lang.String)[pri:0, instance:com.testcases.AddProductTest@221a3fa4]" started-at="2023-10-10T15:38:15 IST" name="addp" data-provider="dataload" finished-at="2023-10-10T15:38:30 IST" duration-ms="14702" status="PASS">
          <params>
            <param index="0">
              <value>
                <![CDATA[1234567890]]>
              </value>
            </param>
            <param index="1">
              <value>
                <![CDATA[chair]]>
              </value>
            </param>
            <param index="2">
              <value>
                <![CDATA[chair]]>
              </value>
            </param>
            <param index="3">
              <value>
                <![CDATA[25]]>
              </value>
            </param>
            <param index="4">
              <value>
                <![CDATA[15]]>
              </value>
            </param>
            <param index="5">
              <value>
                <![CDATA[25]]>
              </value>
            </param>
            <param index="6">
              <value>
                <![CDATA[white]]>
              </value>
            </param>
            <param index="7">
              <value>
                <![CDATA[4000]]>
              </value>
            </param>
            <param index="8">
              <value>
                <![CDATA[5]]>
              </value>
            </param>
          </params>
          <reporter-output>
          </reporter-output>
        </test-method> <!-- addp -->
        <test-method is-config="true" signature="teardown()[pri:0, instance:com.testcases.AddProductTest@221a3fa4]" started-at="2023-10-10T15:38:30 IST" name="teardown" finished-at="2023-10-10T15:38:30 IST" duration-ms="0" status="PASS">
          <reporter-output>
          </reporter-output>
        </test-method> <!-- teardown -->
      </class> <!-- com.testcases.AddProductTest -->
    </test> <!-- Default test -->
  </suite> <!-- Default suite -->
</testng-results>
